Build started 2015-10-02 17:47:28.
     1>Project "c:\Users\Chris\documents\visual studio 2013\Projects\SampleGame\SampleGame\SampleGame.vcxproj" on node 2 (Rebuild target(s)).
     1>ClCompile:
         C:\Program Files (x86)\Microsoft Visual Studio 12.0\VC\bin\CL.exe /c /I"c:\users\chris\documents\visual studio 2013\Projects\SampleGame\\externals\include" /ZI /nologo /W3 /WX- /sdl /Od /Oy- /D WIN32 /D _DEBUG /D _CONSOLE /D _LIB /D _UNICODE /D UNICODE /Gm /EHsc /RTC1 /MDd /GS /fp:precise /Zc:wchar_t /Zc:forScope /Yc"stdafx.h" /Fp"Debug\SampleGame.pch" /Fo"Debug\\" /Fd"Debug\vc120.pdb" /Gd /TP /analyze- /errorReport:prompt stdafx.cpp
         stdafx.cpp
         C:\Program Files (x86)\Microsoft Visual Studio 12.0\VC\bin\CL.exe /c /I"c:\users\chris\documents\visual studio 2013\Projects\SampleGame\\externals\include" /ZI /nologo /W3 /WX- /sdl /Od /Oy- /D WIN32 /D _DEBUG /D _CONSOLE /D _LIB /D _UNICODE /D UNICODE /Gm /EHsc /RTC1 /MDd /GS /fp:precise /Zc:wchar_t /Zc:forScope /Yu"stdafx.h" /Fp"Debug\SampleGame.pch" /Fo"Debug\\" /Fd"Debug\vc120.pdb" /Gd /TP /analyze- /errorReport:prompt SampleGame.cpp
         SampleGame.cpp
       Link:
         C:\Program Files (x86)\Microsoft Visual Studio 12.0\VC\bin\link.exe /ERRORREPORT:PROMPT /OUT:"c:\users\chris\documents\visual studio 2013\Projects\SampleGame\Debug\SampleGame.exe" /INCREMENTAL /NOLOGO /LIBPATH:"c:\users\chris\documents\visual studio 2013\Projects\SampleGame\\externals\lib\x64" SDL2.lib glew32.lib glew32s.lib kernel32.lib user32.lib gdi32.lib winspool.lib comdlg32.lib advapi32.lib shell32.lib ole32.lib oleaut32.lib uuid.lib odbc32.lib odbccp32.lib /MANIFEST /MANIFESTUAC:"level='asInvoker' uiAccess='false'" /manifest:embed /DEBUG /PDB:"c:\users\chris\documents\visual studio 2013\Projects\SampleGame\Debug\SampleGame.pdb" /SUBSYSTEM:CONSOLE /TLBID:1 /DYNAMICBASE /NXCOMPAT /IMPLIB:"c:\users\chris\documents\visual studio 2013\Projects\SampleGame\Debug\SampleGame.lib" /MACHINE:X86 Debug\SampleGame.obj
         Debug\stdafx.obj
     1>SampleGame.obj : error LNK2019: unresolved external symbol _SDL_GetError referenced in function "bool __cdecl CreateWindow(void)" (?CreateWindow@@YA_NXZ)
     1>SampleGame.obj : error LNK2019: unresolved external symbol _SDL_CreateWindow referenced in function "bool __cdecl CreateWindow(void)" (?CreateWindow@@YA_NXZ)
     1>SampleGame.obj : error LNK2019: unresolved external symbol _SDL_DestroyWindow referenced in function "bool __cdecl Clean(void)" (?Clean@@YA_NXZ)
     1>SampleGame.obj : error LNK2019: unresolved external symbol _SDL_GL_CreateContext referenced in function "bool __cdecl InitSDL(void)" (?InitSDL@@YA_NXZ)
     1>SampleGame.obj : error LNK2019: unresolved external symbol _SDL_GL_SwapWindow referenced in function "void __cdecl Render(void)" (?Render@@YAXXZ)
     1>SampleGame.obj : error LNK2019: unresolved external symbol _SDL_GL_DeleteContext referenced in function "bool __cdecl Clean(void)" (?Clean@@YA_NXZ)
     1>SampleGame.obj : error LNK2019: unresolved external symbol _SDL_PollEvent referenced in function "int __cdecl SDL_main(void)" (?SDL_main@@YAHXZ)
     1>SampleGame.obj : error LNK2019: unresolved external symbol _SDL_Log referenced in function "bool __cdecl CreateWindow(void)" (?CreateWindow@@YA_NXZ)
     1>SampleGame.obj : error LNK2019: unresolved external symbol _SDL_Init referenced in function "bool __cdecl InitSDL(void)" (?InitSDL@@YA_NXZ)
     1>SampleGame.obj : error LNK2019: unresolved external symbol _SDL_Quit referenced in function "bool __cdecl Clean(void)" (?Clean@@YA_NXZ)
     1>MSVCRTD.lib(crtexe.obj) : error LNK2019: unresolved external symbol _main referenced in function ___tmainCRTStartup
     1>c:\users\chris\documents\visual studio 2013\Projects\SampleGame\Debug\SampleGame.exe : fatal error LNK1120: 11 unresolved externals
     1>Done Building Project "c:\Users\Chris\documents\visual studio 2013\Projects\SampleGame\SampleGame\SampleGame.vcxproj" (Rebuild target(s)) -- FAILED.

Build FAILED.

Time Elapsed 00:00:00.68
