Build started 2015-10-05 20:17:47.
     1>Project "C:\Users\Chris\documents\visual studio 2013\Projects\SampleGame\SampleGame\SampleGame.vcxproj" on node 2 (Build target(s)).
     1>ClCompile:
         C:\Program Files (x86)\Microsoft Visual Studio 12.0\VC\bin\x86_amd64\CL.exe /c /Zi /nologo /W3 /WX- /sdl /O2 /Oi /GL /D WIN32 /D NDEBUG /D _CONSOLE /D _LIB /D _UNICODE /D UNICODE /Gm- /EHsc /MD /GS /Gy /fp:precise /Zc:wchar_t /Zc:forScope /Yc"stdafx.h" /Fp"x64\Release\SampleGame.pch" /Fo"x64\Release\\" /Fd"x64\Release\vc120.pdb" /Gd /TP /errorReport:prompt stdafx.cpp
         stdafx.cpp
     1>c:\users\chris\documents\visual studio 2013\projects\samplegame\samplegame\stdafx.h(12): fatal error C1083: Cannot open include file: 'GLEW/glew.h': No such file or directory
     1>Done Building Project "C:\Users\Chris\documents\visual studio 2013\Projects\SampleGame\SampleGame\SampleGame.vcxproj" (Build target(s)) -- FAILED.

Build FAILED.

Time Elapsed 00:00:00.21
